<?xml version="1.0" encoding="UTF-8"?>
<coverage generated="1664578869503" clover="3.2.0">
  <project timestamp="1664578869503" name="All files">
    <metrics statements="43" coveredstatements="42" conditionals="9" coveredconditionals="7" methods="16" coveredmethods="15" elements="68" coveredelements="64" complexity="0" loc="43" ncloc="43" packages="2" files="6" classes="6"/>
    <package name="src">
      <metrics statements="35" coveredstatements="34" conditionals="7" coveredconditionals="5" methods="14" coveredmethods="13"/>
      <file name="API.ts" path="C:\Users\jgrimber\MerxBiblio\src\API.ts">
        <metrics statements="4" coveredstatements="3" conditionals="2" coveredconditionals="1" methods="2" coveredmethods="1"/>
        <line num="1" count="3" type="stmt"/>
        <line num="3" count="3" type="stmt"/>
        <line num="5" count="0" type="stmt"/>
        <line num="8" count="3" type="cond" truecount="1" falsecount="1"/>
      </file>
      <file name="MerxBiblio.vue" path="C:/Users/jgrimber/MerxBiblio/src/MerxBiblio.vue">
        <metrics statements="8" coveredstatements="8" conditionals="0" coveredconditionals="0" methods="1" coveredmethods="1"/>
        <line num="2" count="1" type="stmt"/>
        <line num="3" count="1" type="stmt"/>
        <line num="4" count="1" type="stmt"/>
        <line num="5" count="1" type="stmt"/>
        <line num="6" count="1" type="stmt"/>
        <line num="7" count="1" type="stmt"/>
        <line num="9" count="2" type="stmt"/>
        <line num="10" count="4" type="stmt"/>
      </file>
      <file name="states.ts" path="C:\Users\jgrimber\MerxBiblio\src\states.ts">
        <metrics statements="23" coveredstatements="23" conditionals="5" coveredconditionals="4" methods="11" coveredmethods="11"/>
        <line num="1" count="3" type="stmt"/>
        <line num="3" count="3" type="stmt"/>
        <line num="5" count="3" type="stmt"/>
        <line num="11" count="3" type="stmt"/>
        <line num="18" count="3" type="stmt"/>
        <line num="20" count="8" type="stmt"/>
        <line num="21" count="5" type="stmt"/>
        <line num="24" count="8" type="stmt"/>
        <line num="25" count="2" type="stmt"/>
        <line num="28" count="8" type="stmt"/>
        <line num="29" count="2" type="stmt"/>
        <line num="33" count="3" type="stmt"/>
        <line num="34" count="12" type="stmt"/>
        <line num="36" count="12" type="stmt"/>
        <line num="37" count="12" type="stmt"/>
        <line num="38" count="12" type="stmt"/>
        <line num="40" count="12" type="stmt"/>
        <line num="45" count="12" type="cond" truecount="1" falsecount="1"/>
        <line num="46" count="7" type="stmt"/>
        <line num="47" count="7" type="stmt"/>
        <line num="50" count="12" type="stmt"/>
        <line num="55" count="12" type="cond" truecount="2" falsecount="0"/>
        <line num="57" count="9" type="stmt"/>
      </file>
    </package>
    <package name="src.components">
      <metrics statements="8" coveredstatements="8" conditionals="2" coveredconditionals="2" methods="2" coveredmethods="2"/>
      <file name="MerxBiblioBag.vue" path="C:/Users/jgrimber/MerxBiblio/src/components/MerxBiblioBag.vue">
        <metrics statements="1" coveredstatements="1" conditionals="0" coveredconditionals="0" methods="0" coveredmethods="0"/>
        <line num="2" count="1" type="stmt"/>
      </file>
      <file name="MerxBiblioDiscount.vue" path="C:/Users/jgrimber/MerxBiblio/src/components/MerxBiblioDiscount.vue">
        <metrics statements="1" coveredstatements="1" conditionals="0" coveredconditionals="0" methods="0" coveredmethods="0"/>
        <line num="2" count="2" type="stmt"/>
      </file>
      <file name="MerxBiblioProposal.vue" path="C:/Users/jgrimber/MerxBiblio/src/components/MerxBiblioProposal.vue">
        <metrics statements="6" coveredstatements="6" conditionals="2" coveredconditionals="2" methods="2" coveredmethods="2"/>
        <line num="2" count="2" type="stmt"/>
        <line num="3" count="2" type="stmt"/>
        <line num="4" count="2" type="stmt"/>
        <line num="6" count="4" type="stmt"/>
        <line num="7" count="8" type="cond" truecount="2" falsecount="0"/>
        <line num="12" count="4" type="stmt"/>
      </file>
    </package>
  </project>
</coverage>
