{"C:\\Users\\jgrimber\\MerxBiblio\\src\\API.ts": {"path":"C:\\Users\\jgrimber\\MerxBiblio\\src\\API.ts","statementMap":{"0":{"start":{"line":1,"column":16},"end":{"line":1,"column":53}},"1":{"start":{"line":3,"column":13},"end":{"line":10,"column":3}},"2":{"start":{"line":5,"column":26},"end":{"line":5,"column":55}},"3":{"start":{"line":8,"column":8},"end":{"line":8,"column":87}}},"fnMap":{"0":{"name":"(anonymous_0)","decl":{"start":{"line":5,"column":14},"end":{"line":5,"column":19}},"loc":{"start":{"line":5,"column":26},"end":{"line":5,"column":55}}},"1":{"name":"(anonymous_1)","decl":{"start":{"line":7,"column":15},"end":{"line":7,"column":20}},"loc":{"start":{"line":7,"column":39},"end":{"line":9,"column":5}}}},"branchMap":{"0":{"loc":{"start":{"line":8,"column":15},"end":{"line":8,"column":86}},"type":"binary-expr","locations":[{"start":{"line":8,"column":15},"end":{"line":8,"column":25}},{"start":{"line":8,"column":29},"end":{"line":8,"column":86}}]}},"s":{"0":3,"1":3,"2":0,"3":3},"f":{"0":0,"1":3},"b":{"0":[3,0]}}
,"C:/Users/jgrimber/MerxBiblio/src/MerxBiblio.vue": {"path":"C:/Users/jgrimber/MerxBiblio/src/MerxBiblio.vue","statementMap":{"0":{"start":{"line":2,"column":0},"end":{"line":2,"column":null}},"1":{"start":{"line":3,"column":2},"end":{"line":3,"column":null}},"2":{"start":{"line":4,"column":2},"end":{"line":4,"column":null}},"3":{"start":{"line":5,"column":2},"end":{"line":5,"column":null}},"4":{"start":{"line":6,"column":2},"end":{"line":6,"column":null}},"5":{"start":{"line":7,"column":2},"end":{"line":7,"column":null}},"6":{"start":{"line":9,"column":2},"end":{"line":9,"column":12}},"7":{"start":{"line":9,"column":12},"end":{"line":9,"column":null}},"8":{"start":{"line":10,"column":4},"end":{"line":10,"column":11}},"9":{"start":{"line":10,"column":22},"end":{"line":10,"column":28}}},"fnMap":{"0":{"name":"(anonymous_15)","decl":{"start":{"line":9,"column":12},"end":{"line":9,"column":null}},"loc":{"start":{"line":9,"column":12},"end":{"line":11,"column":null}}}},"branchMap":{},"s":{"0":1,"1":1,"2":1,"3":1,"4":1,"5":1,"6":2,"7":2,"8":4,"9":2},"f":{"0":4},"b":{}}
,"C:\\Users\\jgrimber\\MerxBiblio\\src\\model.ts": {"path":"C:\\Users\\jgrimber\\MerxBiblio\\src\\model.ts","statementMap":{"0":{"start":{"line":1,"column":0},"end":{"line":1,"column":41}},"1":{"start":{"line":2,"column":0},"end":{"line":2,"column":26}},"2":{"start":{"line":32,"column":13},"end":{"line":36,"column":3}},"3":{"start":{"line":38,"column":13},"end":{"line":43,"column":3}},"4":{"start":{"line":45,"column":0},"end":{"line":53,"column":3}},"5":{"start":{"line":46,"column":38},"end":{"line":46,"column":74}},"6":{"start":{"line":48,"column":4},"end":{"line":48,"column":53}},"7":{"start":{"line":49,"column":4},"end":{"line":49,"column":27}},"8":{"start":{"line":50,"column":4},"end":{"line":50,"column":37}},"9":{"start":{"line":52,"column":4},"end":{"line":52,"column":29}},"10":{"start":{"line":57,"column":20},"end":{"line":60,"column":15}},"11":{"start":{"line":58,"column":8},"end":{"line":58,"column":null}},"12":{"start":{"line":59,"column":8},"end":{"line":59,"column":null}},"13":{"start":{"line":62,"column":4},"end":{"line":62,"column":59}},"14":{"start":{"line":67,"column":4},"end":{"line":75,"column":null}},"15":{"start":{"line":69,"column":8},"end":{"line":73,"column":11}},"16":{"start":{"line":78,"column":13},"end":{"line":91,"column":null}},"17":{"start":{"line":80,"column":29},"end":{"line":80,"column":65}},"18":{"start":{"line":81,"column":38},"end":{"line":81,"column":66}},"19":{"start":{"line":84,"column":29},"end":{"line":84,"column":73}},"20":{"start":{"line":85,"column":38},"end":{"line":85,"column":54}},"21":{"start":{"line":88,"column":41},"end":{"line":88,"column":134}},"22":{"start":{"line":89,"column":50},"end":{"line":89,"column":97}}},"fnMap":{"0":{"name":"(anonymous_0)","decl":{"start":{"line":45,"column":12},"end":{"line":45,"column":17}},"loc":{"start":{"line":45,"column":23},"end":{"line":53,"column":1}}},"1":{"name":"newOfferProposition","decl":{"start":{"line":55,"column":9},"end":{"line":55,"column":28}},"loc":{"start":{"line":55,"column":53},"end":{"line":64,"column":1}}},"2":{"name":"(anonymous_2)","decl":{"start":{"line":57,"column":37},"end":{"line":57,"column":38}},"loc":{"start":{"line":57,"column":50},"end":{"line":60,"column":5}}},"3":{"name":"sumDiscounts","decl":{"start":{"line":66,"column":9},"end":{"line":66,"column":21}},"loc":{"start":{"line":66,"column":21},"end":{"line":76,"column":1}}},"4":{"name":"(anonymous_4)","decl":{"start":{"line":67,"column":45},"end":{"line":67,"column":46}},"loc":{"start":{"line":67,"column":58},"end":{"line":75,"column":5}}},"5":{"name":"(anonymous_5)","decl":{"start":{"line":80,"column":14},"end":{"line":80,"column":15}},"loc":{"start":{"line":80,"column":29},"end":{"line":80,"column":65}}},"6":{"name":"(anonymous_6)","decl":{"start":{"line":81,"column":14},"end":{"line":81,"column":15}},"loc":{"start":{"line":81,"column":38},"end":{"line":81,"column":66}}},"7":{"name":"(anonymous_7)","decl":{"start":{"line":84,"column":14},"end":{"line":84,"column":15}},"loc":{"start":{"line":84,"column":29},"end":{"line":84,"column":73}}},"8":{"name":"(anonymous_8)","decl":{"start":{"line":85,"column":14},"end":{"line":85,"column":15}},"loc":{"start":{"line":85,"column":38},"end":{"line":85,"column":54}}},"9":{"name":"(anonymous_9)","decl":{"start":{"line":88,"column":14},"end":{"line":88,"column":15}},"loc":{"start":{"line":88,"column":41},"end":{"line":88,"column":134}}},"10":{"name":"(anonymous_10)","decl":{"start":{"line":89,"column":14},"end":{"line":89,"column":15}},"loc":{"start":{"line":89,"column":50},"end":{"line":89,"column":97}}}},"branchMap":{"0":{"loc":{"start":{"line":55,"column":42},"end":{"line":55,"column":53}},"type":"default-arg","locations":[{"start":{"line":55,"column":52},"end":{"line":55,"column":53}}]},"1":{"loc":{"start":{"line":57,"column":20},"end":{"line":60,"column":15}},"type":"cond-expr","locations":[{"start":{"line":57,"column":26},"end":{"line":60,"column":10}},{"start":{"line":60,"column":13},"end":{"line":60,"column":15}}]},"2":{"loc":{"start":{"line":67,"column":11},"end":{"line":75,"column":20}},"type":"binary-expr","locations":[{"start":{"line":67,"column":11},"end":{"line":67,"column":22}},{"start":{"line":67,"column":26},"end":{"line":75,"column":20}}]}},"s":{"0":3,"1":3,"2":3,"3":3,"4":3,"5":12,"6":12,"7":12,"8":12,"9":12,"10":12,"11":7,"12":7,"13":12,"14":12,"15":9,"16":3,"17":8,"18":5,"19":8,"20":2,"21":8,"22":2},"f":{"0":12,"1":12,"2":7,"3":12,"4":9,"5":8,"6":5,"7":8,"8":2,"9":8,"10":2},"b":{"0":[12],"1":[12,0],"2":[12,5]}}
,"C:/Users/jgrimber/MerxBiblio/src/components/MerxBiblioBag.vue": {"path":"C:/Users/jgrimber/MerxBiblio/src/components/MerxBiblioBag.vue","statementMap":{"0":{"start":{"line":2,"column":0},"end":{"line":2,"column":null}}},"fnMap":{},"branchMap":{},"s":{"0":1},"f":{},"b":{}}
,"C:/Users/jgrimber/MerxBiblio/src/components/MerxBiblioDiscount.vue": {"path":"C:/Users/jgrimber/MerxBiblio/src/components/MerxBiblioDiscount.vue","statementMap":{"0":{"start":{"line":2,"column":0},"end":{"line":2,"column":null}}},"fnMap":{},"branchMap":{},"s":{"0":2},"f":{},"b":{}}
,"C:/Users/jgrimber/MerxBiblio/src/components/MerxBiblioProposal.vue": {"path":"C:/Users/jgrimber/MerxBiblio/src/components/MerxBiblioProposal.vue","statementMap":{"0":{"start":{"line":2,"column":0},"end":{"line":2,"column":null}},"1":{"start":{"line":3,"column":0},"end":{"line":3,"column":null}},"2":{"start":{"line":4,"column":0},"end":{"line":4,"column":null}},"3":{"start":{"line":6,"column":22},"end":{"line":6,"column":31}},"4":{"start":{"line":7,"column":2},"end":{"line":7,"column":9}},"5":{"start":{"line":12,"column":20},"end":{"line":12,"column":21}}},"fnMap":{"0":{"name":"(anonymous_2)","decl":{"start":{"line":6,"column":31},"end":{"line":6,"column":null}},"loc":{"start":{"line":6,"column":31},"end":{"line":13,"column":null}}},"1":{"name":"(anonymous_3)","decl":{"start":{"line":12,"column":15},"end":{"line":12,"column":16}},"loc":{"start":{"line":12,"column":16},"end":{"line":12,"column":null}}}},"branchMap":{"0":{"loc":{"start":{"line":7,"column":9},"end":{"line":9,"column":18}},"type":"cond-expr","locations":[{"start":{"line":8,"column":8},"end":{"line":8,"column":null}},{"start":{"line":9,"column":8},"end":{"line":9,"column":18}}]}},"s":{"0":2,"1":2,"2":2,"3":4,"4":8,"5":4},"f":{"0":8,"1":4},"b":{"0":[4,4]}}
}
