TN:
SF:src\API.ts
FN:5,(anonymous_0)
FN:7,(anonymous_1)
FNF:2
FNH:1
FNDA:0,(anonymous_0)
FNDA:3,(anonymous_1)
DA:1,3
DA:3,3
DA:5,0
DA:8,3
LF:4
LH:3
BRDA:8,0,0,3
BRDA:8,0,1,0
BRF:2
BRH:1
end_of_record
TN:
SF:src\MerxBiblio.vue
FN:9,(anonymous_15)
FNF:1
FNH:1
FNDA:4,(anonymous_15)
DA:2,1
DA:3,1
DA:4,1
DA:5,1
DA:6,1
DA:7,1
DA:9,2
DA:10,4
LF:8
LH:8
BRF:0
BRH:0
end_of_record
TN:
SF:src\states.ts
FN:20,(anonymous_0)
FN:21,(anonymous_1)
FN:24,(anonymous_2)
FN:25,(anonymous_3)
FN:28,(anonymous_4)
FN:29,(anonymous_5)
FN:33,(anonymous_6)
FN:43,newOfferProposition
FN:45,(anonymous_8)
FN:54,sumDiscounts
FN:55,(anonymous_10)
FNF:11
FNH:11
FNDA:8,(anonymous_0)
FNDA:5,(anonymous_1)
FNDA:8,(anonymous_2)
FNDA:2,(anonymous_3)
FNDA:8,(anonymous_4)
FNDA:2,(anonymous_5)
FNDA:12,(anonymous_6)
FNDA:12,newOfferProposition
FNDA:7,(anonymous_8)
FNDA:12,sumDiscounts
FNDA:9,(anonymous_10)
DA:1,3
DA:3,3
DA:5,3
DA:11,3
DA:18,3
DA:20,8
DA:21,5
DA:24,8
DA:25,2
DA:28,8
DA:29,2
DA:33,3
DA:34,12
DA:36,12
DA:37,12
DA:38,12
DA:40,12
DA:45,12
DA:46,7
DA:47,7
DA:50,12
DA:55,12
DA:57,9
LF:23
LH:23
BRDA:43,0,0,12
BRDA:45,1,0,12
BRDA:45,1,1,0
BRDA:55,2,0,12
BRDA:55,2,1,5
BRF:5
BRH:4
end_of_record
TN:
SF:src\components\MerxBiblioBag.vue
FNF:0
FNH:0
DA:2,1
LF:1
LH:1
BRF:0
BRH:0
end_of_record
TN:
SF:src\components\MerxBiblioDiscount.vue
FNF:0
FNH:0
DA:2,2
LF:1
LH:1
BRF:0
BRH:0
end_of_record
TN:
SF:src\components\MerxBiblioProposal.vue
FN:6,(anonymous_2)
FN:12,(anonymous_3)
FNF:2
FNH:2
FNDA:8,(anonymous_2)
FNDA:4,(anonymous_3)
DA:2,2
DA:3,2
DA:4,2
DA:6,4
DA:7,8
DA:12,4
LF:6
LH:6
BRDA:7,0,0,4
BRDA:7,0,1,4
BRF:2
BRH:2
end_of_record
