TN:
SF:src\API.ts
FN:5,(anonymous_0)
FN:7,(anonymous_1)
FNF:2
FNH:1
FNDA:0,(anonymous_0)
FNDA:3,(anonymous_1)
DA:1,3
DA:3,3
DA:5,0
DA:8,3
LF:4
LH:3
BRDA:8,0,0,3
BRDA:8,0,1,0
BRF:2
BRH:1
end_of_record
TN:
SF:src\MerxBiblio.vue
FN:9,(anonymous_15)
FNF:1
FNH:1
FNDA:4,(anonymous_15)
DA:2,1
DA:3,1
DA:4,1
DA:5,1
DA:6,1
DA:7,1
DA:9,2
DA:10,4
LF:8
LH:8
BRF:0
BRH:0
end_of_record
TN:
SF:src\model.ts
FN:45,(anonymous_0)
FN:55,newOfferProposition
FN:57,(anonymous_2)
FN:66,sumDiscounts
FN:67,(anonymous_4)
FN:80,(anonymous_5)
FN:81,(anonymous_6)
FN:84,(anonymous_7)
FN:85,(anonymous_8)
FN:88,(anonymous_9)
FN:89,(anonymous_10)
FNF:11
FNH:11
FNDA:12,(anonymous_0)
FNDA:12,newOfferProposition
FNDA:7,(anonymous_2)
FNDA:12,sumDiscounts
FNDA:9,(anonymous_4)
FNDA:8,(anonymous_5)
FNDA:5,(anonymous_6)
FNDA:8,(anonymous_7)
FNDA:2,(anonymous_8)
FNDA:8,(anonymous_9)
FNDA:2,(anonymous_10)
DA:1,3
DA:2,3
DA:32,3
DA:38,3
DA:45,3
DA:46,12
DA:48,12
DA:49,12
DA:50,12
DA:52,12
DA:57,12
DA:58,7
DA:59,7
DA:62,12
DA:67,12
DA:69,9
DA:78,3
DA:80,8
DA:81,5
DA:84,8
DA:85,2
DA:88,8
DA:89,2
LF:23
LH:23
BRDA:55,0,0,12
BRDA:57,1,0,12
BRDA:57,1,1,0
BRDA:67,2,0,12
BRDA:67,2,1,5
BRF:5
BRH:4
end_of_record
TN:
SF:src\components\MerxBiblioBag.vue
FNF:0
FNH:0
DA:2,1
LF:1
LH:1
BRF:0
BRH:0
end_of_record
TN:
SF:src\components\MerxBiblioDiscount.vue
FNF:0
FNH:0
DA:2,2
LF:1
LH:1
BRF:0
BRH:0
end_of_record
TN:
SF:src\components\MerxBiblioProposal.vue
FN:6,(anonymous_2)
FN:12,(anonymous_3)
FNF:2
FNH:2
FNDA:8,(anonymous_2)
FNDA:4,(anonymous_3)
DA:2,2
DA:3,2
DA:4,2
DA:6,4
DA:7,8
DA:12,4
LF:6
LH:6
BRDA:7,0,0,4
BRDA:7,0,1,4
BRF:2
BRH:2
end_of_record
